This is pdfTeX, Version 3.1415926-2.5-1.40.14 (MiKTeX 2.9) (preloaded format=latex 2014.2.25)  24 MAR 2014 02:02
entering extended mode
**\let \APPmakepictures \empty \input  sigproc-sp.tex
(C:\Users\OVO\Desktop\JCDL_latex\sigproc-sp.tex (C:\Users\OVO\Desktop\JCDL_late
x\sig-alternate.cls ("C:\Program Files (x86)\MiKTeX 2.9\tex\latex\graphics\epsf
ig.sty"
Package: epsfig 1999/02/16 v1.7a (e)psfig emulation (SPQR)
("C:\Program Files (x86)\MiKTeX 2.9\tex\latex\graphics\graphicx.sty"
Package: graphicx 1999/02/16 v1.0f Enhanced LaTeX Graphics (DPC,SPQR)
("C:\Program Files (x86)\MiKTeX 2.9\tex\latex\graphics\keyval.sty"
Package: keyval 1999/03/16 v1.13 key=value parser (DPC)
\KV@toks@=\toks14
) ("C:\Program Files (x86)\MiKTeX 2.9\tex\latex\graphics\graphics.sty"
Package: graphics 2009/02/05 v1.0o Standard LaTeX Graphics (DPC,SPQR)
("C:\Program Files (x86)\MiKTeX 2.9\tex\latex\graphics\trig.sty"
Package: trig 1999/03/16 v1.09 sin cos tan (DPC)
) ("C:\Program Files (x86)\MiKTeX 2.9\tex\latex\00miktex\graphics.cfg"
File: graphics.cfg 2007/01/18 v1.5 graphics configuration of teTeX/TeXLive
)
Package graphics Info: Driver file: dvips.def on input line 91.
("C:\Program Files (x86)\MiKTeX 2.9\tex\latex\graphics\dvips.def"
File: dvips.def 1999/02/16 v3.0i Driver-dependant file (DPC,SPQR)
))
\Gin@req@height=\dimen102
\Gin@req@width=\dimen103
)
\epsfxsize=\dimen104
\epsfysize=\dimen105
) ("C:\Program Files (x86)\MiKTeX 2.9\tex\latex\amsfonts\amssymb.sty"
Package: amssymb 2013/01/14 v3.01 AMS font symbols
("C:\Program Files (x86)\MiKTeX 2.9\tex\latex\amsfonts\amsfonts.sty"
Package: amsfonts 2013/01/14 v3.01 Basic AMSFonts support
\@emptytoks=\toks15
\symAMSa=\mathgroup4
\symAMSb=\mathgroup5
LaTeX Font Info:    Overwriting math alphabet `\mathfrak' in version `bold'
(Font)                  U/euf/m/n --> U/euf/b/n on input line 106.
)) ("C:\Program Files (x86)\MiKTeX 2.9\tex\latex\amsmath\amsmath.sty"
Package: amsmath 2013/01/14 v2.14 AMS math features
\@mathmargin=\skip41
For additional information on amsmath, use the `?' option.
("C:\Program Files (x86)\MiKTeX 2.9\tex\latex\amsmath\amstext.sty"
Package: amstext 2000/06/29 v2.01
("C:\Program Files (x86)\MiKTeX 2.9\tex\latex\amsmath\amsgen.sty"
File: amsgen.sty 1999/11/30 v2.0
\@emptytoks=\toks16
\ex@=\dimen106
)) ("C:\Program Files (x86)\MiKTeX 2.9\tex\latex\amsmath\amsbsy.sty"
Package: amsbsy 1999/11/29 v1.2d
\pmbraise@=\dimen107
) ("C:\Program Files (x86)\MiKTeX 2.9\tex\latex\amsmath\amsopn.sty"
Package: amsopn 1999/12/14 v2.01 operator names
)
\inf@bad=\count79
LaTeX Info: Redefining \frac on input line 210.
\uproot@=\count80
\leftroot@=\count81
LaTeX Info: Redefining \overline on input line 306.
\classnum@=\count82
\DOTSCASE@=\count83
LaTeX Info: Redefining \ldots on input line 378.
LaTeX Info: Redefining \dots on input line 381.
LaTeX Info: Redefining \cdots on input line 466.
\Mathstrutbox@=\box26
\strutbox@=\box27
\big@size=\dimen108
LaTeX Font Info:    Redeclaring font encoding OML on input line 566.
LaTeX Font Info:    Redeclaring font encoding OMS on input line 567.
\macc@depth=\count84
\c@MaxMatrixCols=\count85
\dotsspace@=\muskip10
\c@parentequation=\count86
\dspbrk@lvl=\count87
\tag@help=\toks17
\row@=\count88
\column@=\count89
\maxfields@=\count90
\andhelp@=\toks18
\eqnshift@=\dimen109
\alignsep@=\dimen110
\tagshift@=\dimen111
\tagwidth@=\dimen112
\totwidth@=\dimen113
\lineht@=\dimen114
\@envbody=\toks19
\multlinegap=\skip42
\multlinetaggap=\skip43
\mathdisplay@stack=\toks20
LaTeX Info: Redefining \[ on input line 2665.
LaTeX Info: Redefining \] on input line 2666.
)
Document Class 'sig-alternate' <23rd. May '12>. Modified by G.K.M. Tobin/Gerry 
Murray
Based in part upon document Style `acmconf' <22 May 89>. Hacked 4/91 by
shivers@cs.cmu.edu, 4/93 by theobald@cs.mcgill.ca
Excerpts were taken from (Journal Style) 'esub2acm.cls'.
****** Bugs/comments/suggestions/technicalities to Gerry Murray -- murray@hq.ac
m.org ******
Questions on the style, SIGS policies, etc. to Adrienne Griscti griscti@acm.org

\footheight=\dimen115
\@maxsep=\dimen116
\@dblmaxsep=\dimen117
\aucount=\count91
\originalaucount=\count92
\auwidth=\dimen118
\auskip=\dimen119
\auskipcount=\count93
\auskip=\dimen120
\allauboxes=\dimen121
\addauthors=\toks21
\addauflag=\count94
\subtitletext=\toks22
\savesection=\count95
\sectioncntr=\count96
\c@figure=\count97
\c@table=\count98
\titleboxnotes=\toks23
\titleboxnoteflag=\count99
Document Class: sig-alternate 2012/05/23 - V2.5 - based on acmproc.cls V1.3 <No
v. 30 '99>
("C:\Program Files (x86)\MiKTeX 2.9\tex\latex\base\latexsym.sty"
Package: latexsym 1998/08/17 v2.2e Standard LaTeX package (lasy symbols)
\symlasy=\mathgroup6
LaTeX Font Info:    Overwriting symbol font `lasy' in version `bold'
(Font)                  U/lasy/m/n --> U/lasy/b/n on input line 47.
)
\@acmtitlebox=\box28
\titlenotecount=\count100
\tntoks=\toks24
\tntokstwo=\toks25
\tntoksthree=\toks26
\tntoksfour=\toks27
\tntoksfive=\toks28
\catcount=\count101
\copyrightnotice=\toks29
\conf=\toks30
\confinfo=\toks31
\c@part=\count102
\c@section=\count103
\c@subsection=\count104
\c@subsubsection=\count105
\c@paragraph=\count106
Using 'Abbrev' bibliography style
LaTeX Info: Redefining \cite on input line 1211.
\bibindent=\dimen122
\colcntr=\count107
\saveb@x=\box29
\copyrtyr=\toks32
\acmcopyr=\toks33
\boilerplate=\toks34
\copyrightetc=\toks35
("C:\Program Files (x86)\MiKTeX 2.9\tex\latex\base\fontenc.sty"
Package: fontenc 2005/09/27 v1.99g Standard LaTeX package
("C:\Program Files (x86)\MiKTeX 2.9\tex\latex\base\t1enc.def"
File: t1enc.def 2005/09/27 v1.99g Standard LaTeX file
LaTeX Font Info:    Redeclaring font encoding T1 on input line 43.
)
LaTeX Font Info:    Try loading font information for T1+aer on input line 100.
("C:\Program Files (x86)\MiKTeX 2.9\tex\latex\ae\t1aer.fd"
File: t1aer.fd 1997/11/16 Font definitions for T1/aer.
))) ("C:\Program Files (x86)\MiKTeX 2.9\tex\latex\oberdiek\epstopdf.sty"
Package: epstopdf 2010/02/09 v2.5 Conversion with epstopdf on the fly (HO)
("C:\Program Files (x86)\MiKTeX 2.9\tex\latex\oberdiek\epstopdf-base.sty"
Package: epstopdf-base 2010/02/09 v2.5 Base part for package epstopdf
("C:\Program Files (x86)\MiKTeX 2.9\tex\generic\oberdiek\infwarerr.sty"
Package: infwarerr 2010/04/08 v1.3 Providing info/warning/error messages (HO)
) ("C:\Program Files (x86)\MiKTeX 2.9\tex\latex\oberdiek\grfext.sty"
Package: grfext 2010/08/19 v1.1 Manage graphics extensions (HO)
("C:\Program Files (x86)\MiKTeX 2.9\tex\generic\oberdiek\kvdefinekeys.sty"
Package: kvdefinekeys 2011/04/07 v1.3 Define keys (HO)
("C:\Program Files (x86)\MiKTeX 2.9\tex\generic\oberdiek\ltxcmds.sty"
Package: ltxcmds 2011/11/09 v1.22 LaTeX kernel commands for general use (HO)
))) ("C:\Program Files (x86)\MiKTeX 2.9\tex\latex\oberdiek\kvoptions.sty"
Package: kvoptions 2011/06/30 v3.11 Key value format for package options (HO)
("C:\Program Files (x86)\MiKTeX 2.9\tex\generic\oberdiek\kvsetkeys.sty"
Package: kvsetkeys 2012/04/25 v1.16 Key value parser (HO)
("C:\Program Files (x86)\MiKTeX 2.9\tex\generic\oberdiek\etexcmds.sty"
Package: etexcmds 2011/02/16 v1.5 Avoid name clashes with e-TeX commands (HO)
("C:\Program Files (x86)\MiKTeX 2.9\tex\generic\oberdiek\ifluatex.sty"
Package: ifluatex 2010/03/01 v1.3 Provides the ifluatex switch (HO)
Package ifluatex Info: LuaTeX not detected.
)
Package etexcmds Info: Could not find \expanded.
(etexcmds)             That can mean that you are not using pdfTeX 1.50 or
(etexcmds)             that some package has redefined \expanded.
(etexcmds)             In the latter case, load this package earlier.
))) ("C:\Program Files (x86)\MiKTeX 2.9\tex\generic\oberdiek\pdftexcmds.sty"
Package: pdftexcmds 2011/11/29 v0.20 Utility functions of pdfTeX for LuaTeX (HO
)
("C:\Program Files (x86)\MiKTeX 2.9\tex\generic\oberdiek\ifpdf.sty"
Package: ifpdf 2011/01/30 v2.3 Provides the ifpdf switch (HO)
Package ifpdf Info: pdfTeX in PDF mode is not detected.
)
Package pdftexcmds Info: LuaTeX not detected.
Package pdftexcmds Info: \pdf@primitive is available.
Package pdftexcmds Info: \pdf@ifprimitive is available.
Package pdftexcmds Info: \pdfdraftmode is ignored in DVI mode.
)

Package epstopdf Warning: Drivers other than `pdftex.def' are not supported.

)) (C:\Users\OVO\AppData\Roaming\MiKTeX\2.9\tex\latex\subfig\subfig.sty
Package: subfig 2005/06/28 ver: 1.3 subfig package
(C:\Users\OVO\AppData\Roaming\MiKTeX\2.9\tex\latex\caption\caption.sty
Package: caption 2013/05/02 v3.3-89 Customizing captions (AR)
(C:\Users\OVO\AppData\Roaming\MiKTeX\2.9\tex\latex\caption\caption3.sty
Package: caption3 2013/05/02 v1.6-88 caption3 kernel (AR)
Package caption3 Info: TeX engine: e-TeX on input line 57.
\captionmargin=\dimen123
\captionmargin@=\dimen124
\captionwidth=\dimen125
\caption@tempdima=\dimen126
\caption@indent=\dimen127
\caption@parindent=\dimen128
\caption@hangindent=\dimen129
\abovecaptionskip=\skip44
\belowcaptionskip=\skip45
Package caption Info: Unknown document class (or package),
(caption)             standard defaults will be used.
)

Package caption Warning: Unsupported document class (or package) detected,
(caption)                usage of the caption package is not recommended.
See the caption package documentation for explanation.

Package caption Info: \@makecaption = \long macro:#1#2-> \vskip 10pt \setbox \@
tempboxa \hbox {\textbf {#1: #2}} \ifdim \wd \@tempboxa >\hsize \textbf {#1: #2
}\par \else \hbox to\hsize {\hfil \box \@tempboxa \hfil } \fi .
\c@ContinuedFloat=\count108
)
\c@KVtest=\count109
\sf@farskip=\skip46
\sf@captopadj=\dimen130
\sf@capskip=\skip47
\sf@nearskip=\skip48
\c@subfigure=\count110
\c@subfigure@save=\count111
\c@lofdepth=\count112
\c@subtable=\count113
\c@subtable@save=\count114
\c@lotdepth=\count115
\sf@top=\skip49
\sf@bottom=\skip50
) ("C:\Program Files (x86)\MiKTeX 2.9\tex\latex\pstricks\pstricks.sty"
Package: pstricks 2013/12/12 v0.60 LaTeX wrapper for `PSTricks' (RN,HV)

Package pstricks Warning: ************************************ 
(pstricks)                Option pdf needs a "pdflatex -shell-escape <file>" 
(pstricks)                or a "pdflatex -enable-write18 <file>" 
(pstricks)                (if you are using MikTeX) 
(pstricks)                ************************************.

("C:\Program Files (x86)\MiKTeX 2.9\tex\generic\pstricks\base\pstricks.tex" ("C
:\Program Files (x86)\MiKTeX 2.9\tex\generic\xkeyval\pst-xkey.tex"
File: pst-xkey.tex 2005/11/25 v1.6 PSTricks specialization of xkeyval (HA)
("C:\Program Files (x86)\MiKTeX 2.9\tex\latex\xkeyval\xkeyval.sty"
Package: xkeyval 2012/10/14 v2.6b package option processing (HA)
("C:\Program Files (x86)\MiKTeX 2.9\tex\generic\xkeyval\xkeyval.tex"
\XKV@toks=\toks36
\XKV@tempa@toks=\toks37
\XKV@depth=\count116
File: xkeyval.tex 2012/10/14 v2.6b key=value parser (HA)
))) ("C:\Program Files (x86)\MiKTeX 2.9\tex\generic\pstricks\base\pst-fp.tex" `
pst-fp' v0.05, 2010/01/17 (hv)
\pstFP@xs=\count117
\pstFP@xia=\count118
\pstFP@xib=\count119
\pstFP@xfa=\count120
\pstFP@xfb=\count121
\pstFP@rega=\count122
\pstFP@regb=\count123
\pstFP@regs=\count124
\pstFP@times=\count125
)
(C:\Users\OVO\AppData\Roaming\MiKTeX\2.9\tex\generic\pgf\utilities\pgfutil-comm
on.tex
\pgfutil@everybye=\toks38
)
(C:\Users\OVO\AppData\Roaming\MiKTeX\2.9\tex\generic\pgf\utilities\pgfkeys.code
.tex
\pgfkeys@pathtoks=\toks39
\pgfkeys@temptoks=\toks40

(C:\Users\OVO\AppData\Roaming\MiKTeX\2.9\tex\generic\pgf\utilities\pgfkeysfilte
red.code.tex
\pgfkeys@tmptoks=\toks41
))
(C:\Users\OVO\AppData\Roaming\MiKTeX\2.9\tex\generic\pgf\utilities\pgffor.code.
tex
\pgffor@iter=\dimen131
\pgffor@skip=\dimen132
\pgffor@stack=\toks42
\pgffor@toks=\toks43
)
\psLoopIndex=\count126
`PSTricks' v2.49b  <2013/12/21> (tvz)
\pst@dima=\dimen133
\pst@dimb=\dimen134
\pst@dimc=\dimen135
\pst@dimd=\dimen136
\pst@dimg=\dimen137
\pst@dimh=\dimen138
\pst@dimm=\dimen139
\pst@dimn=\dimen140
\pst@dimo=\dimen141
\pst@dimp=\dimen142
\pst@hbox=\box30
\pst@ibox=\box31
\pst@boxg=\box32
\pst@cnta=\count127
\pst@cntb=\count128
\pst@cntc=\count129
\pst@cntd=\count130
\pst@cntg=\count131
\pst@cnth=\count132
\pst@cntm=\count133
\pst@cntn=\count134
\pst@cnto=\count135
\pst@cntp=\count136
\@zero=\count137
\pst@toks=\toks44
("C:\Program Files (x86)\MiKTeX 2.9\tex\generic\pstricks\base\pstricks.con")
\psunit=\dimen143
\psxunit=\dimen144
\psyunit=\dimen145
\pst@C@@rType=\count138
\pslinewidth=\dimen146
\psk@startLW=\dimen147
\psk@endLW=\dimen148
\pst@customdefs=\toks45
\pslinearc=\dimen149
\pst@symbolStep=\dimen150
\pst@symbolWidth=\dimen151
\pst@symbolLinewidth=\dimen152
\everypsbox=\toks46
\psframesep=\dimen153
\pslabelsep=\dimen154
\sh@wgridXunit=\dimen155
\sh@wgridYunit=\dimen156
\pst@shift=\dimen157
)
File: pstricks.tex 2013/12/21 v2.49b `PSTricks' (tvz,hv)
("C:\Program Files (x86)\MiKTeX 2.9\tex\generic\pstricks\base\pst-fp.tex")
File: pst-fp.tex 2013/12/21 v2.49b `PST-fp' (hv)
(C:\Users\OVO\AppData\Roaming\MiKTeX\2.9\tex\latex\xcolor\xcolor.sty
Package: xcolor 2007/01/21 v2.11 LaTeX color extensions (UK)
("C:\Program Files (x86)\MiKTeX 2.9\tex\latex\00miktex\color.cfg"
File: color.cfg 2007/01/18 v1.5 color configuration of teTeX/TeXLive
)
Package xcolor Info: Package option `pdf' ignored on input line 216.
Package xcolor Info: Driver file: dvips.def on input line 225.
Package xcolor Info: Model `cmy' substituted by `cmy0' on input line 1337.
Package xcolor Info: Model `RGB' extended on input line 1353.
Package xcolor Info: Model `HTML' substituted by `rgb' on input line 1355.
Package xcolor Info: Model `Hsb' substituted by `hsb' on input line 1356.
Package xcolor Info: Model `tHsb' substituted by `hsb' on input line 1357.
Package xcolor Info: Model `HSB' substituted by `hsb' on input line 1358.
Package xcolor Info: Model `Gray' substituted by `gray' on input line 1359.
Package xcolor Info: Model `wave' substituted by `hsb' on input line 1360.
)) (C:\Users\OVO\AppData\Roaming\MiKTeX\2.9\tex\latex\caption\newfloat.sty
Package: newfloat 2013/05/11 v1.1-91 Defining new floating environments (AR)
)
Package newfloat Info: New float `copyrightbox' with options `' on input line 3
9.
\c@copyrightbox=\count139
\newfloat@ftype=\count140
Package newfloat Info: float type `copyrightbox'=8 on input line 39.
\c@locopyrightboxdepth=\count141
No file sigproc-sp-autopp.aux.
LaTeX Font Info:    Checking defaults for OML/cmm/m/it on input line 45.
LaTeX Font Info:    ... okay on input line 45.
LaTeX Font Info:    Checking defaults for T1/cmr/m/n on input line 45.
LaTeX Font Info:    ... okay on input line 45.
LaTeX Font Info:    Checking defaults for OT1/cmr/m/n on input line 45.
LaTeX Font Info:    ... okay on input line 45.
LaTeX Font Info:    Checking defaults for OMS/cmsy/m/n on input line 45.
LaTeX Font Info:    ... okay on input line 45.
LaTeX Font Info:    Checking defaults for OMX/cmex/m/n on input line 45.
LaTeX Font Info:    ... okay on input line 45.
LaTeX Font Info:    Checking defaults for U/cmr/m/n on input line 45.
LaTeX Font Info:    ... okay on input line 45.
Package caption Info: Begin \AtBeginDocument code.
Package caption Info: subfig package v1.3 is loaded.
Package caption Info: End \AtBeginDocument code.

(C:\Users\OVO\AppData\Roaming\MiKTeX\2.9\tex\latex\auto-pst-pdf\auto-pst-pdf.st
y
Package: auto-pst-pdf 2009/04/26 v0.6 Wrapper for pst-pdf
(C:\Users\OVO\AppData\Roaming\MiKTeX\2.9\tex\latex\ifplatform\ifplatform.sty
Package: ifplatform 2010/10/22 v0.4 Testing for the operating system
("C:\Program Files (x86)\MiKTeX 2.9\tex\generic\oberdiek\catchfile.sty"
Package: catchfile 2011/03/01 v1.6 Catch the contents of a file (HO)
)

Package ifplatform Warning: 
    shell escape is disabled, so I can only detect \ifwindows.

)
\c@app@runs=\count142
(C:\Users\OVO\AppData\Roaming\MiKTeX\2.9\tex\latex\pst-pdf\pst-pdf.sty
Package: pst-pdf 2008/10/09 v1.1v PS graphics for pdfLaTeX (RN,HjG)
\c@pspicture=\count143
Package pst-pdf Info: MODE: 0 (dvi -- extraction mode) on input line 102.
No auxiliary output files.

(C:\Users\OVO\AppData\Roaming\MiKTeX\2.9\tex\latex\preview\preview.sty
Package: preview 2010/02/14 11.86 (AUCTeX/preview-latex)
(C:\Users\OVO\AppData\Roaming\MiKTeX\2.9\tex\latex\preview\prtightpage.def
\PreviewBorder=\dimen158
)
\pr@snippet=\count144
\pr@box=\box33
\pr@output=\toks47
Preview: Fontsize 9pt
)
\pdfoutput=\count145
("C:\Program Files (x86)\MiKTeX 2.9\tex\latex\pdftex-def\pdftex.def"
File: pdftex.def 2011/05/27 v0.06d Graphics/color for pdfTeX
\Gread@gobject=\count146
)))
LaTeX Font Info:    Try loading font information for U+msa on input line 121.
("C:\Program Files (x86)\MiKTeX 2.9\tex\latex\amsfonts\umsa.fd"
File: umsa.fd 2013/01/14 v3.01 AMS symbols A
)
LaTeX Font Info:    Try loading font information for U+msb on input line 121.
("C:\Program Files (x86)\MiKTeX 2.9\tex\latex\amsfonts\umsb.fd"
File: umsb.fd 2013/01/14 v3.01 AMS symbols B
)
LaTeX Font Info:    Try loading font information for U+lasy on input line 121.
("C:\Program Files (x86)\MiKTeX 2.9\tex\latex\base\ulasy.fd"
File: ulasy.fd 1998/08/17 v2.2e LaTeX symbol font definitions
)
Overfull \hbox (32.0463pt too wide) in paragraph at lines 121--121
 []\eaddfnt ogheneovo.dibie@colorado.edu| 
 []


LaTeX Warning: Citation `maullunderstanding' on page \thepage  undefined on inp
ut line 123.


Overfull \hbox (1.26794pt too wide) in paragraph at lines 129--130
\T1/aer/m/n/9 H.4 [\T1/aer/bx/n/9 Information Sys-tems Ap-pli-ca-tions\T1/aer/m
/n/9 ]: Mis-cel-la-neous;
 []


LaTeX Warning: Citation `sumner:team' on page \thepage  undefined on input line
 136.


LaTeX Warning: Citation `marchionini' on page \thepage  undefined on input line
 137.


LaTeX Warning: Citation `shih2004beyond' on page \thepage  undefined on input l
ine 139.


LaTeX Warning: Citation `shih2004beyond' on page \thepage  undefined on input l
ine 139.


LaTeX Warning: Citation `brandtzaeg2010towards' on page \thepage  undefined on 
input line 139.


LaTeX Warning: Reference `section:relatedwork' on page \thepage  undefined on i
nput line 139.


LaTeX Warning: Citation `shih2004beyond' on page \thepage  undefined on input l
ine 141.


LaTeX Warning: Citation `ram1990conceptualization' on page \thepage  undefined 
on input line 141.


LaTeX Warning: Citation `maullunderstanding' on page \thepage  undefined on inp
ut line 141.


LaTeX Warning: Citation `brandtzaeg2010towards' on page \thepage  undefined on 
input line 141.


LaTeX Warning: Citation `brandtzaeg2010towards' on page \thepage  undefined on 
input line 141.


LaTeX Warning: Citation `maullunderstanding' on page \thepage  undefined on inp
ut line 141.


LaTeX Warning: Citation `xu' on page \thepage  undefined on input line 141.


LaTeX Warning: Citation `shih2004beyond' on page \thepage  undefined on input l
ine 143.


Underfull \vbox (badness 10000) has occurred while \output is active []


LaTeX Warning: Citation `maullunderstanding' on page \thepage  undefined on inp
ut line 145.


LaTeX Warning: Citation `xu' on page \thepage  undefined on input line 145.


LaTeX Warning: Citation `straub2009understanding' on page \thepage  undefined o
n input line 157.


LaTeX Warning: Citation `rogers2010diffusion' on page \thepage  undefined on in
put line 157.


LaTeX Warning: Citation `fuller1975concerns' on page \thepage  undefined on inp
ut line 157.


LaTeX Warning: Citation `hall1979concerns' on page \thepage  undefined on input
 line 157.


LaTeX Warning: Citation `legris2003people' on page \thepage  undefined on input
 line 157.


LaTeX Warning: Citation `legris2003people' on page \thepage  undefined on input
 line 157.


LaTeX Warning: Citation `ram1990conceptualization' on page \thepage  undefined 
on input line 161.


Overfull \hbox (6.89128pt too wide) in paragraph at lines 161--162
[]\T1/aer/m/n/9 A key the-ory on tech-nol-ogy use is the the-ory of use-diffusi
on.
 []


LaTeX Warning: Citation `shih2004beyond' on page \thepage  undefined on input l
ine 163.


LaTeX Warning: Reference `fig:shih' on page \thepage  undefined on input line 1
63.


LaTeX Warning: Citation `shih2004beyond' on page \thepage  undefined on input l
ine 167.


LaTeX Warning: Citation `ram1990conceptualization' on page \thepage  undefined 
on input line 167.


LaTeX Warning: Citation `han2006data' on page \thepage  undefined on input line
 167.


LaTeX Warning: Citation `xu' on page \thepage  undefined on input line 167.


LaTeX Warning: Citation `xu' on page \thepage  undefined on input line 167.


LaTeX Warning: Citation `xu' on page \thepage  undefined on input line 167.


LaTeX Warning: Citation `xu' on page \thepage  undefined on input line 167.


LaTeX Warning: Citation `sumner:team' on page \thepage  undefined on input line
 169.


LaTeX Warning: Citation `maullunderstanding' on page \thepage  undefined on inp
ut line 169.


Overfull \hbox (9.87181pt too wide) in paragraph at lines 169--170
[]\T1/aer/m/n/9 Working with the Cur-ricu-lum Cus-tomiza-tion Ser-vice (CCS)--
 []


LaTeX Warning: Citation `maullunderstanding' on page \thepage  undefined on inp
ut line 171.


LaTeX Warning: Reference `usagefeaturesection' on page \thepage  undefined on i
nput line 173.


LaTeX Warning: Citation `adar2007we' on page \thepage  undefined on input line 
181.


LaTeX Warning: Citation `adar2007we' on page \thepage  undefined on input line 
181.


LaTeX Warning: Citation `Attenberg:2009' on page \thepage  undefined on input l
ine 181.


LaTeX Warning: Citation `Attenberg:2009' on page \thepage  undefined on input l
ine 181.


LaTeX Warning: Citation `sumner:team' on page \thepage  undefined on input line
 208.


LaTeX Warning: Citation `Saldivar:2012' on page \thepage  undefined on input li
ne 208.


LaTeX Warning: Citation `montgomery2004modeling' on page \thepage  undefined on
 input line 210.


LaTeX Warning: Citation `maullunderstanding' on page \thepage  undefined on inp
ut line 210.


LaTeX Warning: Citation `xu' on page \thepage  undefined on input line 210.


LaTeX Warning: Reference `fig:ccsimage' on page \thepage  undefined on input li
ne 215.


Underfull \vbox (badness 10000) has occurred while \output is active []


LaTeX Warning: Reference `usagefeatures' on page \thepage  undefined on input l
ine 230.


LaTeX Warning: Reference `researchcontext' on page \thepage  undefined on input
 line 230.


LaTeX Warning: Citation `maullunderstanding' on page \thepage  undefined on inp
ut line 230.


LaTeX Warning: Reference `usagefeatures' on page \thepage  undefined on input l
ine 250.


LaTeX Warning: Citation `han2006data' on page \thepage  undefined on input line
 250.


Overfull \hbox (1.80038pt too wide) in paragraph at lines 262--274
[][] 
 []


LaTeX Warning: Reference `aggfeaturebins' on page \thepage  undefined on input 
line 277.


LaTeX Warning: Citation `maullunderstanding' on page \thepage  undefined on inp
ut line 279.


LaTeX Warning: Reference `maull_features' on page \thepage  undefined on input 
line 279.


LaTeX Warning: Reference `maull_features' on page \thepage  undefined on input 
line 279.


LaTeX Warning: Citation `maullunderstanding' on page \thepage  undefined on inp
ut line 283.


LaTeX Warning: Citation `maullunderstanding' on page \thepage  undefined on inp
ut line 296.


LaTeX Warning: Citation `maullunderstanding' on page \thepage  undefined on inp
ut line 296.


Underfull \hbox (badness 2884) in paragraph at lines 308--308
[]\T1/aer/m/n/9 Publisher Ac-tiv-
 []


Overfull \hbox (8.96098pt too wide) in paragraph at lines 298--310
[][] 
 []


LaTeX Warning: Reference `usertypology' on page \thepage  undefined on input li
ne 314.


Underfull \hbox (badness 10000) in paragraph at lines 323--323
[]\T1/aer/m/n/9 Low
 []


Underfull \hbox (badness 10000) in paragraph at lines 323--323
[]\T1/aer/m/n/9 High
 []


Underfull \hbox (badness 10000) in paragraph at lines 323--324
[]\T1/aer/m/n/9 High
 []


Underfull \hbox (badness 10000) in paragraph at lines 324--324
[]\T1/aer/m/n/9 Mid
 []


Underfull \hbox (badness 10000) in paragraph at lines 324--324
[]\T1/aer/m/n/9 High
 []


Underfull \hbox (badness 10000) in paragraph at lines 324--325
[]\T1/aer/m/n/9 High
 []


Underfull \hbox (badness 10000) in paragraph at lines 325--326
[]\T1/aer/m/n/9 High
 []


Overfull \hbox (4.12773pt too wide) in paragraph at lines 326--326
[]\T1/aer/m/n/9 Low(1.6524)| 
 []


Underfull \hbox (badness 10000) in paragraph at lines 327--328
[]\T1/aer/m/n/9 High
 []


Overfull \hbox (2.69194pt too wide) in paragraph at lines 351--351
[]\T1/aer/m/n/9 Num
 []


Underfull \hbox (badness 10000) in paragraph at lines 351--351
[]\T1/aer/m/n/9 IR
 []


Overfull \hbox (2.43083pt too wide) in paragraph at lines 351--351
\T1/aer/m/n/9 Actv| 
 []


Underfull \hbox (badness 10000) in paragraph at lines 351--351
[]\T1/aer/m/n/9 MS
 []


Overfull \hbox (2.43083pt too wide) in paragraph at lines 351--351
\T1/aer/m/n/9 Actv| 
 []


Underfull \hbox (badness 10000) in paragraph at lines 351--351
[]\T1/aer/m/n/9 Pub
 []


Underfull \hbox (badness 10000) in paragraph at lines 351--351
[]\T1/aer/m/n/9 SS
 []


Underfull \hbox (badness 10000) in paragraph at lines 352--352
[]\T1/aer/m/n/9 Fall
 []


Underfull \hbox (badness 10000) in paragraph at lines 353--353
[]\T1/aer/m/n/9 Spring
 []


LaTeX Warning: Reference `cluster0semester' on page \thepage  undefined on inpu
t line 356.


Overfull \hbox (2.69194pt too wide) in paragraph at lines 365--365
[]\T1/aer/m/n/9 Num
 []


Underfull \hbox (badness 10000) in paragraph at lines 365--365
[]\T1/aer/m/n/9 IR
 []


Overfull \hbox (2.43083pt too wide) in paragraph at lines 365--365
\T1/aer/m/n/9 Actv| 
 []


Underfull \hbox (badness 10000) in paragraph at lines 365--365
[]\T1/aer/m/n/9 MS
 []


Overfull \hbox (2.43083pt too wide) in paragraph at lines 365--365
\T1/aer/m/n/9 Actv| 
 []


Underfull \hbox (badness 10000) in paragraph at lines 365--365
[]\T1/aer/m/n/9 Pub
 []


Underfull \hbox (badness 10000) in paragraph at lines 365--365
[]\T1/aer/m/n/9 SS
 []


LaTeX Warning: Reference `cluster0bimonthly' on page \thepage  undefined on inp
ut line 372.


Underfull \hbox (badness 10000) in paragraph at lines 381--381
[]\T1/aer/m/n/9 Num
 []


Underfull \hbox (badness 10000) in paragraph at lines 381--381
[]\T1/aer/m/n/9 IR
 []


Underfull \hbox (badness 10000) in paragraph at lines 381--381
[]\T1/aer/m/n/9 MS
 []


Underfull \hbox (badness 10000) in paragraph at lines 381--381
[]\T1/aer/m/n/9 Pub
 []


Underfull \hbox (badness 10000) in paragraph at lines 381--381
[]\T1/aer/m/n/9 SS
 []


LaTeX Warning: Reference `cluster0month' on page \thepage  undefined on input l
ine 393.


Overfull \hbox (2.69194pt too wide) in paragraph at lines 406--406
[]\T1/aer/m/n/9 Num
 []


Underfull \hbox (badness 10000) in paragraph at lines 406--406
[]\T1/aer/m/n/9 IR
 []


Overfull \hbox (2.43083pt too wide) in paragraph at lines 406--406
\T1/aer/m/n/9 Actv| 
 []


Underfull \hbox (badness 10000) in paragraph at lines 406--406
[]\T1/aer/m/n/9 MS
 []


Overfull \hbox (2.43083pt too wide) in paragraph at lines 406--406
\T1/aer/m/n/9 Actv| 
 []


Underfull \hbox (badness 10000) in paragraph at lines 406--406
[]\T1/aer/m/n/9 Pub
 []


Underfull \hbox (badness 10000) in paragraph at lines 406--406
[]\T1/aer/m/n/9 SS
 []


Underfull \hbox (badness 10000) in paragraph at lines 407--407
[]\T1/aer/m/n/9 Fall
 []


Overfull \hbox (2.16982pt too wide) in paragraph at lines 407--407
[]\T1/aer/m/n/9 High| 
 []


Overfull \hbox (2.16982pt too wide) in paragraph at lines 407--407
[]\T1/aer/m/n/9 High| 
 []


Overfull \hbox (2.16982pt too wide) in paragraph at lines 407--407
[]\T1/aer/m/n/9 High| 
 []


Underfull \hbox (badness 10000) in paragraph at lines 408--408
[]\T1/aer/m/n/9 Spring
 []


Overfull \hbox (2.16982pt too wide) in paragraph at lines 408--408
[]\T1/aer/m/n/9 High| 
 []


Overfull \hbox (2.16982pt too wide) in paragraph at lines 408--408
[]\T1/aer/m/n/9 High| 
 []


LaTeX Warning: Reference `cluster2semester' on page \thepage  undefined on inpu
t line 412.


LaTeX Warning: Reference `cluster2bimonthly' on page \thepage  undefined on inp
ut line 415.


Overfull \hbox (2.69194pt too wide) in paragraph at lines 423--423
[]\T1/aer/m/n/9 Num
 []


Underfull \hbox (badness 10000) in paragraph at lines 423--423
[]\T1/aer/m/n/9 IR
 []


Overfull \hbox (2.43083pt too wide) in paragraph at lines 423--423
\T1/aer/m/n/9 Actv| 
 []


Underfull \hbox (badness 10000) in paragraph at lines 423--423
[]\T1/aer/m/n/9 MS
 []


Overfull \hbox (2.43083pt too wide) in paragraph at lines 423--423
\T1/aer/m/n/9 Actv| 
 []


Underfull \hbox (badness 10000) in paragraph at lines 423--423
[]\T1/aer/m/n/9 Pub
 []


Underfull \hbox (badness 10000) in paragraph at lines 423--423
[]\T1/aer/m/n/9 SS
 []


Overfull \hbox (2.16982pt too wide) in paragraph at lines 424--424
[]\T1/aer/m/n/9 High| 
 []


Overfull \hbox (2.16982pt too wide) in paragraph at lines 424--424
[]\T1/aer/m/n/9 High| 
 []


Overfull \hbox (2.16982pt too wide) in paragraph at lines 425--425
[]\T1/aer/m/n/9 High| 
 []


Overfull \hbox (2.16982pt too wide) in paragraph at lines 427--427
[]\T1/aer/m/n/9 High| 
 []


Overfull \hbox (2.69194pt too wide) in paragraph at lines 438--438
[]\T1/aer/m/n/9 Num
 []


Underfull \hbox (badness 10000) in paragraph at lines 438--438
[]\T1/aer/m/n/9 IR
 []


Overfull \hbox (2.43083pt too wide) in paragraph at lines 438--438
\T1/aer/m/n/9 Actv| 
 []


Underfull \hbox (badness 10000) in paragraph at lines 438--438
[]\T1/aer/m/n/9 MS
 []


Overfull \hbox (2.43083pt too wide) in paragraph at lines 438--438
\T1/aer/m/n/9 Actv| 
 []


Underfull \hbox (badness 10000) in paragraph at lines 438--438
[]\T1/aer/m/n/9 Pub
 []


Underfull \hbox (badness 10000) in paragraph at lines 438--438
[]\T1/aer/m/n/9 SS
 []


Overfull \hbox (2.16982pt too wide) in paragraph at lines 441--441
[]\T1/aer/m/n/9 High| 
 []


Overfull \hbox (2.16982pt too wide) in paragraph at lines 441--441
[]\T1/aer/m/n/9 High| 
 []


Overfull \hbox (2.16982pt too wide) in paragraph at lines 441--441
[]\T1/aer/m/n/9 High| 
 []


Overfull \hbox (2.16982pt too wide) in paragraph at lines 441--441
[]\T1/aer/m/n/9 High| 
 []


Overfull \hbox (2.16982pt too wide) in paragraph at lines 442--442
[]\T1/aer/m/n/9 High| 
 []


Overfull \hbox (2.16982pt too wide) in paragraph at lines 443--443
[]\T1/aer/m/n/9 High| 
 []


Overfull \hbox (2.16982pt too wide) in paragraph at lines 443--443
[]\T1/aer/m/n/9 High| 
 []


Overfull \hbox (2.16982pt too wide) in paragraph at lines 443--443
[]\T1/aer/m/n/9 High| 
 []


Overfull \hbox (2.16982pt too wide) in paragraph at lines 443--443
[]\T1/aer/m/n/9 High| 
 []


Overfull \hbox (2.16982pt too wide) in paragraph at lines 444--444
[]\T1/aer/m/n/9 High| 
 []


Overfull \hbox (2.16982pt too wide) in paragraph at lines 444--444
[]\T1/aer/m/n/9 High| 
 []


Overfull \hbox (2.16982pt too wide) in paragraph at lines 445--445
[]\T1/aer/m/n/9 High| 
 []


Overfull \hbox (2.16982pt too wide) in paragraph at lines 445--445
[]\T1/aer/m/n/9 High| 
 []


Overfull \hbox (2.16982pt too wide) in paragraph at lines 445--445
[]\T1/aer/m/n/9 High| 
 []


Overfull \hbox (2.16982pt too wide) in paragraph at lines 446--446
[]\T1/aer/m/n/9 High| 
 []


Overfull \hbox (2.16982pt too wide) in paragraph at lines 446--446
[]\T1/aer/m/n/9 High| 
 []


Overfull \hbox (2.16982pt too wide) in paragraph at lines 447--447
[]\T1/aer/m/n/9 High| 
 []


LaTeX Warning: Reference `cluster2month' on page \thepage  undefined on input l
ine 450.


Overfull \hbox (2.69194pt too wide) in paragraph at lines 464--464
[]\T1/aer/m/n/9 Num
 []


Underfull \hbox (badness 10000) in paragraph at lines 464--464
[]\T1/aer/m/n/9 IR
 []


Overfull \hbox (2.43083pt too wide) in paragraph at lines 464--464
\T1/aer/m/n/9 Actv| 
 []


Underfull \hbox (badness 10000) in paragraph at lines 464--464
[]\T1/aer/m/n/9 MS
 []


Overfull \hbox (2.43083pt too wide) in paragraph at lines 464--464
\T1/aer/m/n/9 Actv| 
 []


Underfull \hbox (badness 10000) in paragraph at lines 464--464
[]\T1/aer/m/n/9 Pub
 []


Underfull \hbox (badness 10000) in paragraph at lines 464--464
[]\T1/aer/m/n/9 SS
 []


Underfull \hbox (badness 10000) in paragraph at lines 465--465
[]\T1/aer/m/n/9 Fall
 []


Overfull \hbox (2.16982pt too wide) in paragraph at lines 465--465
[]\T1/aer/m/n/9 High| 
 []


Overfull \hbox (2.16982pt too wide) in paragraph at lines 465--465
[]\T1/aer/m/n/9 High| 
 []


Overfull \hbox (2.16982pt too wide) in paragraph at lines 465--465
[]\T1/aer/m/n/9 High| 
 []


Overfull \hbox (2.16982pt too wide) in paragraph at lines 465--465
[]\T1/aer/m/n/9 High| 
 []


Underfull \hbox (badness 10000) in paragraph at lines 466--466
[]\T1/aer/m/n/9 Spring
 []


Overfull \hbox (2.16982pt too wide) in paragraph at lines 466--466
[]\T1/aer/m/n/9 High| 
 []


Overfull \hbox (2.16982pt too wide) in paragraph at lines 466--466
[]\T1/aer/m/n/9 High| 
 []


Overfull \hbox (2.16982pt too wide) in paragraph at lines 466--466
[]\T1/aer/m/n/9 High| 
 []


Overfull \hbox (2.16982pt too wide) in paragraph at lines 466--466
[]\T1/aer/m/n/9 High| 
 []


Overfull \hbox (2.69194pt too wide) in paragraph at lines 480--480
[]\T1/aer/m/n/9 Num
 []


Underfull \hbox (badness 10000) in paragraph at lines 480--480
[]\T1/aer/m/n/9 IR
 []


Overfull \hbox (2.43083pt too wide) in paragraph at lines 480--480
\T1/aer/m/n/9 Actv| 
 []


Underfull \hbox (badness 10000) in paragraph at lines 480--480
[]\T1/aer/m/n/9 MS
 []


Overfull \hbox (2.43083pt too wide) in paragraph at lines 480--480
\T1/aer/m/n/9 Actv| 
 []


Underfull \hbox (badness 10000) in paragraph at lines 480--480
[]\T1/aer/m/n/9 Pub
 []


Underfull \hbox (badness 10000) in paragraph at lines 480--480
[]\T1/aer/m/n/9 SS
 []


Overfull \hbox (2.16982pt too wide) in paragraph at lines 481--481
[]\T1/aer/m/n/9 High| 
 []


Overfull \hbox (2.16982pt too wide) in paragraph at lines 481--481
[]\T1/aer/m/n/9 High| 
 []


Overfull \hbox (2.16982pt too wide) in paragraph at lines 481--481
[]\T1/aer/m/n/9 High| 
 []


Overfull \hbox (2.16982pt too wide) in paragraph at lines 481--481
[]\T1/aer/m/n/9 High| 
 []


Overfull \hbox (2.16982pt too wide) in paragraph at lines 482--482
[]\T1/aer/m/n/9 High| 
 []


Overfull \hbox (2.16982pt too wide) in paragraph at lines 482--482
[]\T1/aer/m/n/9 High| 
 []


Overfull \hbox (2.16982pt too wide) in paragraph at lines 482--482
[]\T1/aer/m/n/9 High| 
 []


Overfull \hbox (2.16982pt too wide) in paragraph at lines 483--483
[]\T1/aer/m/n/9 High| 
 []


Overfull \hbox (2.16982pt too wide) in paragraph at lines 483--483
[]\T1/aer/m/n/9 High| 
 []


Overfull \hbox (2.16982pt too wide) in paragraph at lines 483--483
[]\T1/aer/m/n/9 High| 
 []


Overfull \hbox (2.16982pt too wide) in paragraph at lines 483--483
[]\T1/aer/m/n/9 High| 
 []


Overfull \hbox (2.16982pt too wide) in paragraph at lines 484--484
[]\T1/aer/m/n/9 High| 
 []


Overfull \hbox (2.16982pt too wide) in paragraph at lines 484--484
[]\T1/aer/m/n/9 High| 
 []


Overfull \hbox (2.16982pt too wide) in paragraph at lines 484--484
[]\T1/aer/m/n/9 High| 
 []


LaTeX Warning: Reference `cluster1bimonthly' on page \thepage  undefined on inp
ut line 488.


Overfull \hbox (2.69194pt too wide) in paragraph at lines 499--499
[]\T1/aer/m/n/9 Num
 []


Underfull \hbox (badness 10000) in paragraph at lines 499--499
[]\T1/aer/m/n/9 IR
 []


Overfull \hbox (2.43083pt too wide) in paragraph at lines 499--499
\T1/aer/m/n/9 Actv| 
 []


Underfull \hbox (badness 10000) in paragraph at lines 499--499
[]\T1/aer/m/n/9 MS
 []


Overfull \hbox (2.43083pt too wide) in paragraph at lines 499--499
\T1/aer/m/n/9 Actv| 
 []


Underfull \hbox (badness 10000) in paragraph at lines 499--499
[]\T1/aer/m/n/9 Pub
 []


Underfull \hbox (badness 10000) in paragraph at lines 499--499
[]\T1/aer/m/n/9 SS
 []


Overfull \hbox (2.16982pt too wide) in paragraph at lines 500--500
[]\T1/aer/m/n/9 High| 
 []


Overfull \hbox (2.16982pt too wide) in paragraph at lines 500--500
[]\T1/aer/m/n/9 High| 
 []


Overfull \hbox (2.16982pt too wide) in paragraph at lines 500--500
[]\T1/aer/m/n/9 High| 
 []


Overfull \hbox (2.16982pt too wide) in paragraph at lines 501--501
[]\T1/aer/m/n/9 High| 
 []


Overfull \hbox (2.16982pt too wide) in paragraph at lines 501--501
[]\T1/aer/m/n/9 High| 
 []


Overfull \hbox (2.16982pt too wide) in paragraph at lines 501--501
[]\T1/aer/m/n/9 High| 
 []


Overfull \hbox (2.16982pt too wide) in paragraph at lines 501--501
[]\T1/aer/m/n/9 High| 
 []


Overfull \hbox (2.16982pt too wide) in paragraph at lines 502--502
[]\T1/aer/m/n/9 High| 
 []


Overfull \hbox (2.16982pt too wide) in paragraph at lines 502--502
[]\T1/aer/m/n/9 High| 
 []


Overfull \hbox (2.16982pt too wide) in paragraph at lines 503--503
[]\T1/aer/m/n/9 High| 
 []


Overfull \hbox (2.16982pt too wide) in paragraph at lines 503--503
[]\T1/aer/m/n/9 High| 
 []


Overfull \hbox (2.16982pt too wide) in paragraph at lines 503--503
[]\T1/aer/m/n/9 High| 
 []


Overfull \hbox (2.16982pt too wide) in paragraph at lines 504--504
[]\T1/aer/m/n/9 High| 
 []


Overfull \hbox (2.16982pt too wide) in paragraph at lines 504--504
[]\T1/aer/m/n/9 High| 
 []


Overfull \hbox (2.16982pt too wide) in paragraph at lines 504--504
[]\T1/aer/m/n/9 High| 
 []


Overfull \hbox (2.16982pt too wide) in paragraph at lines 504--504
[]\T1/aer/m/n/9 High| 
 []


Overfull \hbox (2.16982pt too wide) in paragraph at lines 505--505
[]\T1/aer/m/n/9 High| 
 []


Overfull \hbox (2.16982pt too wide) in paragraph at lines 505--505
[]\T1/aer/m/n/9 High| 
 []


Overfull \hbox (2.16982pt too wide) in paragraph at lines 506--506
[]\T1/aer/m/n/9 High| 
 []


Overfull \hbox (2.16982pt too wide) in paragraph at lines 506--506
[]\T1/aer/m/n/9 High| 
 []


Overfull \hbox (2.16982pt too wide) in paragraph at lines 506--506
[]\T1/aer/m/n/9 High| 
 []


Overfull \hbox (2.16982pt too wide) in paragraph at lines 507--507
[]\T1/aer/m/n/9 High| 
 []


Overfull \hbox (2.16982pt too wide) in paragraph at lines 507--507
[]\T1/aer/m/n/9 High| 
 []


Overfull \hbox (2.16982pt too wide) in paragraph at lines 508--508
[]\T1/aer/m/n/9 High| 
 []


Overfull \hbox (2.16982pt too wide) in paragraph at lines 508--508
[]\T1/aer/m/n/9 High| 
 []


LaTeX Warning: Reference `cluster1month' on page \thepage  undefined on input l
ine 512.


LaTeX Warning: Citation `han2006data' on page \thepage  undefined on input line
 517.


LaTeX Warning: Reference `charusertypes' on page \thepage  undefined on input l
ine 519.


LaTeX Warning: Citation `agrawal' on page \thepage  undefined on input line 519
.


Overfull \hbox (15.7225pt too wide) in paragraph at lines 544--545
[]$\OML/cmm/m/it/9 num[]sessions \OT1/cmr/m/n/9 = \OML/cmm/m/it/9 High  hours \
OT1/cmr/m/n/9 = \OML/cmm/m/it/9 High [][]\OMS/cmsy/m/n/9 ! \OML/cmm/m/it/9 pub[
]activity \OT1/cmr/m/n/9 =
 []


Overfull \hbox (6.7583pt too wide) in paragraph at lines 545--546
[]$\OML/cmm/m/it/9 pub[]activity \OT1/cmr/m/n/9 = \OML/cmm/m/it/9 High [][]\OMS
/cmsy/m/n/9 ! \OML/cmm/m/it/9 num[]sessions \OT1/cmr/m/n/9 = \OML/cmm/m/it/9 Hi
gh  conf \OT1/cmr/m/n/9 :
 []


Overfull \hbox (6.7583pt too wide) in paragraph at lines 546--547
[]$\OML/cmm/m/it/9 num[]sessions \OT1/cmr/m/n/9 = \OML/cmm/m/it/9 High [][]\OMS
/cmsy/m/n/9 ! \OML/cmm/m/it/9 pub[]activity \OT1/cmr/m/n/9 = \OML/cmm/m/it/9 Hi
gh  conf \OT1/cmr/m/n/9 :
 []


Overfull \hbox (15.7225pt too wide) in paragraph at lines 548--549
[]$\OML/cmm/m/it/9 hours \OT1/cmr/m/n/9 = \OML/cmm/m/it/9 High  pub[]activity \
OT1/cmr/m/n/9 = \OML/cmm/m/it/9 High [][]\OMS/cmsy/m/n/9 ! \OML/cmm/m/it/9 num[
]sessions \OT1/cmr/m/n/9 =
 []


Overfull \hbox (8.92108pt too wide) in paragraph at lines 563--564
[]$\OML/cmm/m/it/9 Hours \OT1/cmr/m/n/9 = \OML/cmm/m/it/9 Low  Pub[]Actv \OT1/c
mr/m/n/9 = \OML/cmm/m/it/9 Mid  Shared[]stuff[]Actv \OT1/cmr/m/n/9 =
 []


Overfull \hbox (3.86656pt too wide) in paragraph at lines 576--577
[]$\OML/cmm/m/it/9 Hours[]spent \OT1/cmr/m/n/9 = \OML/cmm/m/it/9 Low  SS[]Actv 
\OT1/cmr/m/n/9 = \OML/cmm/m/it/9 Low [][]\OMS/cmsy/m/n/9 ! \OML/cmm/m/it/9 MS[]
Actv \OT1/cmr/m/n/9 =
 []


Overfull \hbox (7.10638pt too wide) in paragraph at lines 589--591
\T1/aer/m/n/9 by con-sid-er-ing fea-tures on a semester, bi-monthly and monthly

 []


LaTeX Warning: Reference `semesterprediction' on page \thepage  undefined on in
put line 592.


LaTeX Warning: Reference `usagefeatures' on page \thepage  undefined on input l
ine 613.


LaTeX Warning: Reference `usertypepredictionbimonthly' on page \thepage  undefi
ned on input line 613.


LaTeX Warning: Reference `limitations' on page \thepage  undefined on input lin
e 627.

No file sigproc-sp-autopp.bbl.

Package caption Warning: Unused \captionsetup[subfigure] on input line 42.
See the caption package documentation for explanation.


Package pst-pdf Warning: Picture container needs cropping..


LaTeX Warning: There were undefined references.

 ) 
Here is how much of TeX's memory you used:
 6745 strings out of 493922
 101859 string characters out of 3144905
 216613 words of memory out of 3000000
 9901 multiletter control sequences out of 15000+200000
 45534 words of font info for 57 fonts, out of 3000000 for 9000
 841 hyphenation exceptions out of 8191
 44i,12n,75p,2148b,472s stack positions out of 5000i,500n,10000p,200000b,50000s

No pages of output.
